Построение начато 16.12.2022 12:02:33.
     1>Проект "D:\Users\21vv3\mops 6.3\mops 6.3\mops 6.3.vcxproj" в узле 2 (целевые объекты build).
     1>PrepareForBuild:
         Создание каталога "D:\Users\21vv3\mops 6.3\Debug\".
       InitializeBuildStatus:
         Создание "Debug\mops 6.3.unsuccessfulbuild", так как было задано "AlwaysCreate".
       ClCompile:
         C:\Program Files (x86)\Microsoft Visual Studio 10.0\VC\bin\CL.exe /c /ZI /nologo /W3 /WX- /Od /Oy- /D WIN32 /D _DEBUG /D _CONSOLE /D _UNICODE /D UNICODE /Gm /EHsc /RTC1 /MDd /GS /fp:precise /Zc:wchar_t /Zc:forScope /Yc"StdAfx.h" /Fp"Debug\mops 6.3.pch" /Fo"Debug\\" /Fd"Debug\vc100.pdb" /Gd /TP /analyze- /errorReport:prompt stdafx.cpp
         stdafx.cpp
         C:\Program Files (x86)\Microsoft Visual Studio 10.0\VC\bin\CL.exe /c /ZI /nologo /W3 /WX- /Od /Oy- /D WIN32 /D _DEBUG /D _CONSOLE /D _UNICODE /D UNICODE /Gm /EHsc /RTC1 /MDd /GS /fp:precise /Zc:wchar_t /Zc:forScope /Yu"StdAfx.h" /Fp"Debug\mops 6.3.pch" /Fo"Debug\\" /Fd"Debug\vc100.pdb" /Gd /TP /analyze- /errorReport:prompt "mops 6.3.cpp"
         mops 6.3.cpp
     1>d:\users\21vv3\mops 6.3\mops 6.3\mops 6.3.cpp(18): warning C4244: аргумент: преобразование "time_t" в "unsigned int", возможна потеря данных
       ManifestResourceCompile:
         C:\Program Files (x86)\Microsoft SDKs\Windows\v7.0A\bin\rc.exe /nologo /fo"Debug\mops 6.3.exe.embed.manifest.res" "Debug\mops 6.3_manifest.rc" 
       Link:
         C:\Program Files (x86)\Microsoft Visual Studio 10.0\VC\bin\link.exe /ERRORREPORT:PROMPT /OUT:"D:\Users\21vv3\mops 6.3\Debug\mops 6.3.exe" /INCREMENTAL /NOLOGO kernel32.lib user32.lib gdi32.lib winspool.lib comdlg32.lib advapi32.lib shell32.lib ole32.lib oleaut32.lib uuid.lib odbc32.lib odbccp32.lib /MANIFEST /ManifestFile:"Debug\mops 6.3.exe.intermediate.manifest" /MANIFESTUAC:"level='asInvoker' uiAccess='false'" /DEBUG /PDB:"D:\Users\21vv3\mops 6.3\Debug\mops 6.3.pdb" /SUBSYSTEM:CONSOLE /TLBID:1 /DYNAMICBASE /NXCOMPAT /IMPLIB:"D:\Users\21vv3\mops 6.3\Debug\mops 6.3.lib" /MACHINE:X86 "Debug\mops 6.3.exe.embed.manifest.res"
         "Debug\mops 6.3.obj"
         Debug\stdafx.obj
       Manifest:
         C:\Program Files (x86)\Microsoft SDKs\Windows\v7.0A\bin\mt.exe /nologo /verbose /out:"Debug\mops 6.3.exe.embed.manifest" /manifest "Debug\mops 6.3.exe.intermediate.manifest"
         C:\Program Files (x86)\Microsoft SDKs\Windows\v7.0A\bin\rc.exe /nologo /fo"Debug\mops 6.3.exe.embed.manifest.res" "Debug\mops 6.3_manifest.rc" 
       LinkEmbedManifest:
         C:\Program Files (x86)\Microsoft Visual Studio 10.0\VC\bin\link.exe /ERRORREPORT:PROMPT /OUT:"D:\Users\21vv3\mops 6.3\Debug\mops 6.3.exe" /INCREMENTAL /NOLOGO kernel32.lib user32.lib gdi32.lib winspool.lib comdlg32.lib advapi32.lib shell32.lib ole32.lib oleaut32.lib uuid.lib odbc32.lib odbccp32.lib /MANIFEST /ManifestFile:"Debug\mops 6.3.exe.intermediate.manifest" /MANIFESTUAC:"level='asInvoker' uiAccess='false'" /DEBUG /PDB:"D:\Users\21vv3\mops 6.3\Debug\mops 6.3.pdb" /SUBSYSTEM:CONSOLE /TLBID:1 /DYNAMICBASE /NXCOMPAT /IMPLIB:"D:\Users\21vv3\mops 6.3\Debug\mops 6.3.lib" /MACHINE:X86 "Debug\mops 6.3.exe.embed.manifest.res"
         "Debug\mops 6.3.obj"
         Debug\stdafx.obj
         mops 6.3.vcxproj -> D:\Users\21vv3\mops 6.3\Debug\mops 6.3.exe
       FinalizeBuildStatus:
         Файл "Debug\mops 6.3.unsuccessfulbuild" удаляется.
         Обращение к "Debug\mops 6.3.lastbuildstate".
     1>Построение проекта "D:\Users\21vv3\mops 6.3\mops 6.3\mops 6.3.vcxproj" завершено (целевые объекты build).

Построение успешно завершено.

Затраченное время: 00:00:01.98
